Determining if the pthread_create exist failed with the following output:
Change Dir: /home/buaa/CLionProjects/schedule/CMakeFiles/CMakeTmp

Run Build Command:"/usr/bin/make" "cmTC_157b3/fast"
/usr/bin/make -f CMakeFiles/cmTC_157b3.dir/build.make CMakeFiles/cmTC_157b3.dir/build
make[1]: Entering directory '/home/buaa/CLionProjects/schedule/CMakeFiles/CMakeTmp'
Building C object CMakeFiles/cmTC_157b3.dir/CheckSymbolExists.c.o
/usr/bin/cc    -o CMakeFiles/cmTC_157b3.dir/CheckSymbolExists.c.o   -c /home/buaa/CLionProjects/schedule/CMakeFiles/CMakeTmp/CheckSymbolExists.c
Linking C executable cmTC_157b3
/home/buaa/clion-2017.2.3/bin/cmake/bin/cmake -E cmake_link_script CMakeFiles/cmTC_157b3.dir/link.txt --verbose=1
/usr/bin/cc      CMakeFiles/cmTC_157b3.dir/CheckSymbolExists.c.o  -o cmTC_157b3 
CMakeFiles/cmTC_157b3.dir/CheckSymbolExists.c.o: In function `main':
CheckSymbolExists.c:(.text+0x16): undefined reference to `pthread_create'
collect2: error: ld returned 1 exit status
CMakeFiles/cmTC_157b3.dir/build.make:97: recipe for target 'cmTC_157b3' failed
make[1]: *** [cmTC_157b3] Error 1
make[1]: Leaving directory '/home/buaa/CLionProjects/schedule/CMakeFiles/CMakeTmp'
Makefile:126: recipe for target 'cmTC_157b3/fast' failed
make: *** [cmTC_157b3/fast] Error 2

File /home/buaa/CLionProjects/schedule/CMakeFiles/CMakeTmp/CheckSymbolExists.c:
/* */
#include <pthread.h>

int main(int argc, char** argv)
{
  (void)argv;
#ifndef pthread_create
  return ((int*)(&pthread_create))[argc];
#else
  (void)argc;
  return 0;
#endif
}

Determining if the function pthread_create exists in the pthreads failed with the following output:
Change Dir: /home/buaa/CLionProjects/schedule/CMakeFiles/CMakeTmp

Run Build Command:"/usr/bin/make" "cmTC_68164/fast"
/usr/bin/make -f CMakeFiles/cmTC_68164.dir/build.make CMakeFiles/cmTC_68164.dir/build
make[1]: Entering directory '/home/buaa/CLionProjects/schedule/CMakeFiles/CMakeTmp'
Building C object CMakeFiles/cmTC_68164.dir/CheckFunctionExists.c.o
/usr/bin/cc   -DCHECK_FUNCTION_EXISTS=pthread_create   -o CMakeFiles/cmTC_68164.dir/CheckFunctionExists.c.o   -c /home/buaa/clion-2017.2.3/bin/cmake/share/cmake-3.8/Modules/CheckFunctionExists.c
Linking C executable cmTC_68164
/home/buaa/clion-2017.2.3/bin/cmake/bin/cmake -E cmake_link_script CMakeFiles/cmTC_68164.dir/link.txt --verbose=1
/usr/bin/cc  -DCHECK_FUNCTION_EXISTS=pthread_create    CMakeFiles/cmTC_68164.dir/CheckFunctionExists.c.o  -o cmTC_68164 -lpthreads 
/usr/bin/ld: cannot find -lpthreads
collect2: error: ld returned 1 exit status
CMakeFiles/cmTC_68164.dir/build.make:97: recipe for target 'cmTC_68164' failed
make[1]: *** [cmTC_68164] Error 1
make[1]: Leaving directory '/home/buaa/CLionProjects/schedule/CMakeFiles/CMakeTmp'
Makefile:126: recipe for target 'cmTC_68164/fast' failed
make: *** [cmTC_68164/fast] Error 2


